<?xml version="1.0" encoding="UTF-8"?>
<!-- Generated by org.testng.reporters.JUnitXMLReporter -->
<testsuite ignored="0" hostname="DESKTOP-2OLSDL4" failures="1" tests="1" name="BankingApp Test1" time="23.853" errors="0" timestamp="11 Apr 2019 02:21:26 GMT">
  <testcase classname="com.inetbanking.testCases.TC_LoginTest_001" name="loginTest" time="8.874">
    <failure type="java.lang.NullPointerException">
      <![CDATA[java.lang.NullPointerException
at com.inetbanking.pageObjects.AddNewCustomer.ClickNewCustomer(AddNewCustomer.java:37)
at com.inetbanking.testCases.TC_LoginTest_001.loginTest(TC_LoginTest_001.java:30)
... Removed 25 stack frames]]>
    </failure>
  </testcase> <!-- loginTest -->
</testsuite> <!-- BankingApp Test1 -->
