<?xml version="1.0" encoding="UTF-8"?>
<!-- Generated by org.testng.reporters.JUnitXMLReporter -->
<testsuite hostname="DESKTOP-2OLSDL4" ignored="0" name="BankingApp Test2" tests="1" failures="1" timestamp="13 Mar 2019 18:06:44 GMT" time="23.469" errors="0">
  <testcase name="loginTest" time="3.204" classname="com.inetbanking.testCases.TC_LoginTest_001">
    <failure type="java.lang.NullPointerException">
      <![CDATA[java.lang.NullPointerException
at com.inetbanking.pageObjects.AddNewCustomer.ClickNewCustomer(AddNewCustomer.java:37)
at com.inetbanking.testCases.TC_LoginTest_001.loginTest(TC_LoginTest_001.java:30)
... Removed 25 stack frames]]>
    </failure>
  </testcase> <!-- loginTest -->
</testsuite> <!-- BankingApp Test2 -->
